<?xml version="1.0" encoding="UTF-8"?>
<testsuite xmlns:xsi="http://www.w3.org/2001/XMLSchema-instance" xsi:noNamespaceSchemaLocation="https://maven.apache.org/surefire/maven-surefire-plugin/xsd/surefire-test-report-3.0.xsd" version="3.0" name="org.jgrapht.alg.linkprediction.JaccardCoefficientLinkPredictionTest" time="0.001" tests="2" errors="0" skipped="0" failures="0">
  <properties>
    <property name="java.specification.version" value="17"/>
    <property name="sun.cpu.isalist" value="amd64"/>
    <property name="sun.jnu.encoding" value="Cp1252"/>
    <property name="java.class.path" value="C:\Users\joaov\.m2\repository\org\apache\maven\surefire\surefire-booter\3.0.0-M5\surefire-booter-3.0.0-M5.jar;C:\Users\joaov\.m2\repository\org\apache\maven\surefire\surefire-api\3.0.0-M5\surefire-api-3.0.0-M5.jar;C:\Users\joaov\.m2\repository\org\apache\maven\surefire\surefire-logger-api\3.0.0-M5\surefire-logger-api-3.0.0-M5.jar;C:\Users\joaov\.m2\repository\org\apache\maven\surefire\surefire-shared-utils\3.0.0-M4\surefire-shared-utils-3.0.0-M4.jar;C:\Users\joaov\.m2\repository\org\apache\maven\surefire\surefire-extensions-spi\3.0.0-M5\surefire-extensions-spi-3.0.0-M5.jar;C:\MyProjects\myproject\ES-LEI-2Sem-2022-Grupo-7\target\test-classes;C:\MyProjects\myproject\ES-LEI-2Sem-2022-Grupo-7\target\classes;C:\Users\joaov\.m2\repository\org\jheaps\jheaps\0.13\jheaps-0.13.jar;C:\Users\joaov\.m2\repository\com\googlecode\junit-toolbox\junit-toolbox\2.4\junit-toolbox-2.4.jar;C:\Users\joaov\.m2\repository\commons-io\commons-io\2.4\commons-io-2.4.jar;C:\Users\joaov\.m2\repository\junit\junit\4.13.1\junit-4.13.1.jar;C:\Users\joaov\.m2\repository\org\hamcrest\hamcrest-library\1.3\hamcrest-library-1.3.jar;C:\Users\joaov\.m2\repository\org\hamcrest\hamcrest-core\1.3\hamcrest-core-1.3.jar;C:\Users\joaov\.m2\repository\org\mockito\mockito-core\1.9.5\mockito-core-1.9.5.jar;C:\Users\joaov\.m2\repository\org\objenesis\objenesis\1.0\objenesis-1.0.jar;C:\Users\joaov\.m2\repository\org\openjdk\jmh\jmh-core\1.23\jmh-core-1.23.jar;C:\Users\joaov\.m2\repository\net\sf\jopt-simple\jopt-simple\4.6\jopt-simple-4.6.jar;C:\Users\joaov\.m2\repository\org\apache\commons\commons-math3\3.2\commons-math3-3.2.jar;C:\Users\joaov\.m2\repository\org\openjdk\jmh\jmh-generator-annprocess\1.23\jmh-generator-annprocess-1.23.jar;C:\Users\joaov\.m2\repository\org\apache\maven\surefire\surefire-junit47\3.0.0-M5\surefire-junit47-3.0.0-M5.jar;C:\Users\joaov\.m2\repository\org\apache\maven\surefire\common-java5\3.0.0-M5\common-java5-3.0.0-M5.jar;C:\Users\joaov\.m2\repository\org\apache\maven\surefire\common-junit3\3.0.0-M5\common-junit3-3.0.0-M5.jar;C:\Users\joaov\.m2\repository\org\apache\maven\surefire\common-junit4\3.0.0-M5\common-junit4-3.0.0-M5.jar;C:\Users\joaov\.m2\repository\org\apache\maven\surefire\common-junit48\3.0.0-M5\common-junit48-3.0.0-M5.jar;C:\Users\joaov\.m2\repository\org\apache\maven\surefire\surefire-grouper\3.0.0-M5\surefire-grouper-3.0.0-M5.jar"/>
    <property name="java.vm.vendor" value="Eclipse Adoptium"/>
    <property name="sun.arch.data.model" value="64"/>
    <property name="user.variant" value=""/>
    <property name="java.vendor.url" value="https://adoptium.net/"/>
    <property name="user.timezone" value="Europe/Lisbon"/>
    <property name="os.name" value="Windows 10"/>
    <property name="java.vm.specification.version" value="17"/>
    <property name="sun.java.launcher" value="SUN_STANDARD"/>
    <property name="user.country" value="PT"/>
    <property name="sun.boot.library.path" value="C:\Users\joaov\.p2\pool\plugins\org.eclipse.justj.openjdk.hotspot.jre.full.win32.x86_64_17.0.2.v20220201-1208\jre\bin"/>
    <property name="sun.java.command" value="org.apache.maven.surefire.booter.ForkedBooter C:\Users\joaov\AppData\Local\Temp\surefire7651482234239281033 2022-05-15T17-17-43_602-jvmRun1 surefire9372330162810805700tmp surefire_0430781000453208084tmp"/>
    <property name="jdk.debug" value="release"/>
    <property name="surefire.test.class.path" value="C:\MyProjects\myproject\ES-LEI-2Sem-2022-Grupo-7\target\test-classes;C:\MyProjects\myproject\ES-LEI-2Sem-2022-Grupo-7\target\classes;C:\Users\joaov\.m2\repository\org\jheaps\jheaps\0.13\jheaps-0.13.jar;C:\Users\joaov\.m2\repository\com\googlecode\junit-toolbox\junit-toolbox\2.4\junit-toolbox-2.4.jar;C:\Users\joaov\.m2\repository\commons-io\commons-io\2.4\commons-io-2.4.jar;C:\Users\joaov\.m2\repository\junit\junit\4.13.1\junit-4.13.1.jar;C:\Users\joaov\.m2\repository\org\hamcrest\hamcrest-library\1.3\hamcrest-library-1.3.jar;C:\Users\joaov\.m2\repository\org\hamcrest\hamcrest-core\1.3\hamcrest-core-1.3.jar;C:\Users\joaov\.m2\repository\org\mockito\mockito-core\1.9.5\mockito-core-1.9.5.jar;C:\Users\joaov\.m2\repository\org\objenesis\objenesis\1.0\objenesis-1.0.jar;C:\Users\joaov\.m2\repository\org\openjdk\jmh\jmh-core\1.23\jmh-core-1.23.jar;C:\Users\joaov\.m2\repository\net\sf\jopt-simple\jopt-simple\4.6\jopt-simple-4.6.jar;C:\Users\joaov\.m2\repository\org\apache\commons\commons-math3\3.2\commons-math3-3.2.jar;C:\Users\joaov\.m2\repository\org\openjdk\jmh\jmh-generator-annprocess\1.23\jmh-generator-annprocess-1.23.jar;"/>
    <property name="sun.cpu.endian" value="little"/>
    <property name="user.home" value="C:\Users\joaov"/>
    <property name="user.language" value="pt"/>
    <property name="java.specification.vendor" value="Oracle Corporation"/>
    <property name="java.version.date" value="2022-01-18"/>
    <property name="java.home" value="C:\Users\joaov\.p2\pool\plugins\org.eclipse.justj.openjdk.hotspot.jre.full.win32.x86_64_17.0.2.v20220201-1208\jre"/>
    <property name="file.separator" value="\"/>
    <property name="basedir" value="C:\MyProjects\myproject\ES-LEI-2Sem-2022-Grupo-7"/>
    <property name="java.vm.compressedOopsMode" value="32-bit"/>
    <property name="line.separator" value="&#10;"/>
    <property name="java.vm.specification.vendor" value="Oracle Corporation"/>
    <property name="java.specification.name" value="Java Platform API Specification"/>
    <property name="user.script" value=""/>
    <property name="sun.management.compiler" value="HotSpot 64-Bit Tiered Compilers"/>
    <property name="java.runtime.version" value="17.0.2+8"/>
    <property name="user.name" value="joaov"/>
    <property name="path.separator" value=";"/>
    <property name="os.version" value="10.0"/>
    <property name="java.runtime.name" value="OpenJDK Runtime Environment"/>
    <property name="file.encoding" value="Cp1252"/>
    <property name="java.vm.name" value="OpenJDK 64-Bit Server VM"/>
    <property name="java.vendor.version" value="Temurin-17.0.2+8"/>
    <property name="localRepository" value="C:\Users\joaov\.m2\repository"/>
    <property name="java.vendor.url.bug" value="https://github.com/adoptium/adoptium-support/issues"/>
    <property name="java.io.tmpdir" value="C:\Users\joaov\AppData\Local\Temp\"/>
    <property name="java.version" value="17.0.2"/>
    <property name="user.dir" value="C:\MyProjects\myproject\ES-LEI-2Sem-2022-Grupo-7"/>
    <property name="os.arch" value="amd64"/>
    <property name="java.vm.specification.name" value="Java Virtual Machine Specification"/>
    <property name="sun.os.patch.level" value=""/>
    <property name="native.encoding" value="Cp1252"/>
    <property name="java.library.path" value="C:\Users\joaov\.p2\pool\plugins\org.eclipse.justj.openjdk.hotspot.jre.full.win32.x86_64_17.0.2.v20220201-1208\jre\bin;C:\WINDOWS\Sun\Java\bin;C:\WINDOWS\system32;C:\WINDOWS;C:/Users/joaov/.p2/pool/plugins/org.eclipse.justj.openjdk.hotspot.jre.full.win32.x86_64_17.0.2.v20220201-1208/jre/bin/server;C:/Users/joaov/.p2/pool/plugins/org.eclipse.justj.openjdk.hotspot.jre.full.win32.x86_64_17.0.2.v20220201-1208/jre/bin;C:\Program Files\Common Files\Oracle\Java\javapath;C:\Program Files (x86)\Common Files\Oracle\Java\javapath;C:\Users\joaov\Software\apache-maven-3.8.1\bin;C:\Program Files\MySQL\MySQL Shell 8.0\bin\;C:\Wincupl\WINCUPL\EXE;C:\Wincupl\WINCUPL\FITTERS;C:\Users\joaov\AppData\Local\Microsoft\WindowsApps;C:\Users\joaov\AppData\Roaming\npm;C:\Users\joaov\AppData\Local\Programs\Microsoft VS Code\bin;C:\Users\joaov\Software\apache-maven-3.8.1\bin;C:\Program Files\Common Files\Oracle\Java\javapath;C:\Program Files (x86)\Common Files\Oracle\Java\javapath;C:\Users\joaov\Software\apache-maven-3.8.1\bin;C:\Program Files\MySQL\MySQL Shell 8.0\bin\;C:\Wincupl\WINCUPL\EXE;C:\Wincupl\WINCUPL\FITTERS;C:\Users\joaov\AppData\Local\Microsoft\WindowsApps;C:\Users\joaov\AppData\Roaming\npm;C:\Users\joaov\AppData\Local\Programs\Microsoft VS Code\bin;C:\Users\joaov\Software\apache-maven-3.8.1\bin;C:\Program Files\Common Files\Oracle\Java\javapath;C:\Program Files (x86)\Common Files\Oracle\Java\javapath;C:\Users\joaov\Software\apache-maven-3.8.1\bin;C:\Program Files\MySQL\MySQL Shell 8.0\bin\;C:\Wincupl\WINCUPL\EXE;C:\Wincupl\WINCUPL\FITTERS;C:\Users\joaov\AppData\Local\Microsoft\WindowsApps;C:\Users\joaov\AppData\Roaming\npm;C:\Users\joaov\AppData\Local\Programs\Microsoft VS Code\bin;C:\Users\joaov\Software\apache-maven-3.8.1\bin;C:\WINDOWS\System32;C:\Program Files\MATLAB\R2020a\bin;C:\system32;C:\Program Files\Java\jdk1.8.0_261\bin;c:\windows\system32;C:\Users\joaov\AppData\Local\Programs\Python\Python310\Scripts\;C:\Users\joaov\AppData\Local\Programs\Python\Python310\;C:\Users\joaov\PycharmProjects\pythonProject\venv\Scripts;C:\ProgramData\chocolatey\bin;;C:\Program Files\MATLAB\R2020a\bin;C:\system32;C:\Program Files\Java\jdk1.8.0_261\bin;c:\windows\system32;C:\Users\joaov\AppData\Local\Programs\Python\Python310\Scripts\;C:\Users\joaov\AppData\Local\Programs\Python\Python310\;C:\Users\joaov\PycharmProjects\pythonProject\venv\Scripts;C:\ProgramData\chocolatey\bin;;C:\Program Files\MATLAB\R2020a\bin;C:\system32;C:\Program Files\Java\jdk1.8.0_261\bin;c:\windows\system32;C:\Users\joaov\AppData\Local\Programs\Python\Python310\Scripts\;C:\Users\joaov\AppData\Local\Programs\Python\Python310\;C:\Users\joaov\PycharmProjects\pythonProject\venv\Scripts;C:\ProgramData\chocolatey\bin;C:\Users\joaov\AppData\Local\Programs\Python\Python310\Scripts\;C:\Users\joaov\AppData\Local\Programs\Python\Python310\;C:\Program Files\MySQL\MySQL Shell 8.0\bin\;C:\Wincupl\WINCUPL\EXE;C:\Wincupl\WINCUPL\FITTERS;C:\Users\joaov\AppData\Local\Microsoft\WindowsApps;C:\Users\joaov\AppData\Roaming\npm;C:\Users\joaov\AppData\Local\Programs\Microsoft VS Code\bin;C:\Program Files\MongoDB\Server\5.0\bin;C:\Program Files\MongoDB\Tools\100\bin;C:\Program Files\Git\bin;C:\Program Files\Git\cmd;C:\Program Files\MySQL\MySQL Server 8.0\bin;C:\xampp\mysql\bin;C:\Program Files\JetBrains\PyCharm 2021.3.2\bin;;C:\Users\joaov\PycharmProjects\pythonProject\venv\Scripts;C:\Users\joaov\AppData\Roaming\TinyTeX\bin\win32;C:\flutter\bin;C:\Windows\System32\WindowsPowerShell\v1.0;C:\Program Files (x86)\php-8.1.5;;C:\WINDOWS\system32;;."/>
    <property name="java.vm.info" value="mixed mode"/>
    <property name="java.vendor" value="Eclipse Adoptium"/>
    <property name="java.vm.version" value="17.0.2+8"/>
    <property name="sun.io.unicode.encoding" value="UnicodeLittle"/>
    <property name="java.class.version" value="61.0"/>
  </properties>
  <testcase name="testPrediction" classname="org.jgrapht.alg.linkprediction.JaccardCoefficientLinkPredictionTest" time="0"/>
  <testcase name="testInvalidPrediction" classname="org.jgrapht.alg.linkprediction.JaccardCoefficientLinkPredictionTest" time="0"/>
</testsuite>